# 服务启动日志 - 2026/06/08

## 上传完成状态
- GitHub 仓库: https://github.com/2577552556/github-repo-insight.git
- 推送状态: 成功
- Commits: 6个已推送

## 服务启动测试

### 后端服务
- 地址: http://localhost:8000
- 健康状态: healthy
- 启动时间: 2026/06/08 16:33

### 前端服务
- 地址: http://localhost:3000
- 状态: 运行中

### API 测试
- 测试仓库: https://github.com/facebook/react
- 测试结果: 成功
- 返回数据:
  - Stars: 245670
  - Forks: 51143
  - Health Score: 100/100
  - AI Grade: A

## 项目结构
- backend/ - Python FastAPI 后端
- frontend/ - Next.js 15 前端
- prompts/ - 开发提示文档
- screenshots/ - 截图目录
- logs/ - 日志目录